2022-08-14T03:22:41.129+0800	WARN	api/common.go:46	grpc错误:rpc error: code = Unavailable desc = name resolver error: produced zero addresses
webServer/userop/api.printGrpcError
	/Users/www/learn-note/gpmall/webServer/userop/api/common.go:46
webServer/userop/api.(*fav).List
	/Users/www/learn-note/gpmall/webServer/userop/api/favorites.go:37
github.com/gin-gonic/gin.(*Context).Next
	/Users/www/learn-note/gpmall/webServer/vendor/github.com/gin-gonic/gin/context.go:168
webServer/userop/middlewares.NewJwt.func1
	/Users/www/learn-note/gpmall/webServer/userop/middlewares/jwt.go:38
github.com/gin-gonic/gin.(*Context).Next
	/Users/www/learn-note/gpmall/webServer/vendor/github.com/gin-gonic/gin/context.go:168
webServer/userop/middlewares.Trace.func1
	/Users/www/learn-note/gpmall/webServer/userop/middlewares/tracer.go:39
github.com/gin-gonic/gin.(*Context).Next
	/Users/www/learn-note/gpmall/webServer/vendor/github.com/gin-gonic/gin/context.go:168
github.com/gin-gonic/gin.CustomRecoveryWithWriter.func1
	/Users/www/learn-note/gpmall/webServer/vendor/github.com/gin-gonic/gin/recovery.go:99
github.com/gin-gonic/gin.(*Context).Next
	/Users/www/learn-note/gpmall/webServer/vendor/github.com/gin-gonic/gin/context.go:168
github.com/gin-gonic/gin.LoggerWithConfig.func1
	/Users/www/learn-note/gpmall/webServer/vendor/github.com/gin-gonic/gin/logger.go:241
github.com/gin-gonic/gin.(*Context).Next
	/Users/www/learn-note/gpmall/webServer/vendor/github.com/gin-gonic/gin/context.go:168
github.com/gin-gonic/gin.(*Engine).handleHTTPRequest
	/Users/www/learn-note/gpmall/webServer/vendor/github.com/gin-gonic/gin/gin.go:555
github.com/gin-gonic/gin.(*Engine).ServeHTTP
	/Users/www/learn-note/gpmall/webServer/vendor/github.com/gin-gonic/gin/gin.go:511
net/http.serverHandler.ServeHTTP
	/usr/local/Cellar/go/1.16.6/libexec/src/net/http/server.go:2867
net/http.(*conn).serve
	/usr/local/Cellar/go/1.16.6/libexec/src/net/http/server.go:1932
