2022-05-10T20:08:21.951+0800	WARN	api/favorites.go:126	grpc错误:rpc error: code = NotFound desc = 记录不存在:('<Model: user_address> instance matching query does not exist:\nSQL: SELECT `t1`.`id`, `t1`.`add_time`, `t1`.`update_time`, `t1`.`is_deleted`, `t1`.`user_id`, `t1`.`province`, `t1`.`city`, `t1`.`district`, `t1`.`address`, `t1`.`signer_name`, `t1`.`signer_mobile`, `t1`.`is_default` FROM `user_address` AS `t1` WHERE ((`t1`.`is_deleted` = %s) AND (`t1`.`id` = %s)) LIMIT %s OFFSET %s\nParams: [False, 0, 1, 0]',)
webServer/userop/api.printGrpcError
	/Users/www/learn-note/gpmall/webServer/userop/api/favorites.go:126
webServer/userop/api.(*address).Update
	/Users/www/learn-note/gpmall/webServer/userop/api/address.go:142
github.com/gin-gonic/gin.(*Context).Next
	/Users/www/learn-note/gpmall/webServer/vendor/github.com/gin-gonic/gin/context.go:168
github.com/gin-gonic/gin.CustomRecoveryWithWriter.func1
	/Users/www/learn-note/gpmall/webServer/vendor/github.com/gin-gonic/gin/recovery.go:99
github.com/gin-gonic/gin.(*Context).Next
	/Users/www/learn-note/gpmall/webServer/vendor/github.com/gin-gonic/gin/context.go:168
github.com/gin-gonic/gin.LoggerWithConfig.func1
	/Users/www/learn-note/gpmall/webServer/vendor/github.com/gin-gonic/gin/logger.go:241
github.com/gin-gonic/gin.(*Context).Next
	/Users/www/learn-note/gpmall/webServer/vendor/github.com/gin-gonic/gin/context.go:168
github.com/gin-gonic/gin.(*Engine).handleHTTPRequest
	/Users/www/learn-note/gpmall/webServer/vendor/github.com/gin-gonic/gin/gin.go:555
github.com/gin-gonic/gin.(*Engine).ServeHTTP
	/Users/www/learn-note/gpmall/webServer/vendor/github.com/gin-gonic/gin/gin.go:511
net/http.serverHandler.ServeHTTP
	/usr/local/Cellar/go/1.16.6/libexec/src/net/http/server.go:2867
net/http.(*conn).serve
	/usr/local/Cellar/go/1.16.6/libexec/src/net/http/server.go:1932
