2022-08-07 00:38:56.620 | INFO     | __main__:run:44 - service start...: 192.168.8.222:4347
2022-08-07 00:38:56.620 | INFO     | __main__:run:44 - service start...: 192.168.8.222:4347
2022-08-07 00:38:56.620 | INFO     | __main__:run:44 - service start...: 192.168.8.222:4347
2022-08-07 00:39:22.529 | ERROR    | handler.order:local_execute:272 - An error has been caught in function 'local_execute', process 'MainProcess' (78306), thread 'ThreadPoolExecutor-0_0' (123145487695872):
Traceback (most recent call last):

  File "/Library/Frameworks/Python.framework/Versions/3.9/lib/python3.9/threading.py", line 930, in _bootstrap
    self._bootstrap_inner()
    │    └ <function Thread._bootstrap_inner at 0x7f7e5f7e6c10>
    └ <Thread(ThreadPoolExecutor-0_0, started daemon 123145487695872)>
  File "/Library/Frameworks/Python.framework/Versions/3.9/lib/python3.9/threading.py", line 973, in _bootstrap_inner
    self.run()
    │    └ <function Thread.run at 0x7f7e5f7e6940>
    └ <Thread(ThreadPoolExecutor-0_0, started daemon 123145487695872)>
  File "/Library/Frameworks/Python.framework/Versions/3.9/lib/python3.9/threading.py", line 910, in run
    self._target(*self._args, **self._kwargs)
    │    │        │    │        │    └ {}
    │    │        │    │        └ <Thread(ThreadPoolExecutor-0_0, started daemon 123145487695872)>
    │    │        │    └ (<weakref at 0x7f7e64097ae0; to 'ThreadPoolExecutor' at 0x7f7e64043520>, <_queue.SimpleQueue object at 0x7f7e640416d0>, None,...
    │    │        └ <Thread(ThreadPoolExecutor-0_0, started daemon 123145487695872)>
    │    └ <function _worker at 0x7f7e64051af0>
    └ <Thread(ThreadPoolExecutor-0_0, started daemon 123145487695872)>
  File "/Library/Frameworks/Python.framework/Versions/3.9/lib/python3.9/concurrent/futures/thread.py", line 77, in _worker
    work_item.run()
    │         └ <function _WorkItem.run at 0x7f7e64051c10>
    └ <concurrent.futures.thread._WorkItem object at 0x7f7e6408b940>
  File "/Library/Frameworks/Python.framework/Versions/3.9/lib/python3.9/concurrent/futures/thread.py", line 52, in run
    result = self.fn(*self.args, **self.kwargs)
             │    │   │    │       │    └ {}
             │    │   │    │       └ <concurrent.futures.thread._WorkItem object at 0x7f7e6408b940>
             │    │   │    └ (<grpc._cython.cygrpc.RequestCallEvent object at 0x7f7e64097a40>, <grpc._server._RPCState object at 0x7f7e6408b8e0>, <bound m...
             │    │   └ <concurrent.futures.thread._WorkItem object at 0x7f7e6408b940>
             │    └ <function _unary_response_in_pool at 0x7f7e640931f0>
             └ <concurrent.futures.thread._WorkItem object at 0x7f7e6408b940>
  File "/Library/Frameworks/Python.framework/Versions/3.9/lib/python3.9/site-packages/grpc/_server.py", line 560, in _unary_response_in_pool
    response, proceed = _call_behavior(rpc_event, state, behavior,
                        │              │          │      └ <bound method OrderServicer.CreateOrder of <handler.order.OrderServicer object at 0x7f7e64078160>>
                        │              │          └ <grpc._server._RPCState object at 0x7f7e6408b8e0>
                        │              └ <grpc._cython.cygrpc.RequestCallEvent object at 0x7f7e64097a40>
                        └ <function _call_behavior at 0x7f7e6408cdc0>
  File "/Library/Frameworks/Python.framework/Versions/3.9/lib/python3.9/site-packages/grpc/_server.py", line 443, in _call_behavior
    response_or_iterator = behavior(argument, context)
                           │        │         └ <grpc._server._Context object at 0x7f7e640a5160>
                           │        └ user_id: 1
                           │          name: "\346\256\265\350\266\205123"
                           │          mobile: "18612917508"
                           │          address: "\345\215\216\344\270\2551code"
                           │          
                           └ <bound method OrderServicer.CreateOrder of <handler.order.OrderServicer object at 0x7f7e64078160>>

  File "/Users/www/learn-note/gpmall/daoServer/order/handler/order.py", line 124, in CreateOrder
    res = p.send_message_in_transaction(msg, self.local_execute, user_args=None)
          │ │                           │    │    └ <function OrderServicer.local_execute at 0x7f7e64025310>
          │ │                           │    └ <handler.order.OrderServicer object at 0x7f7e64078160>
          │ │                           └ <rocketmq.client.Message object at 0x7f7e640a5220>
          │ └ <function TransactionMQProducer.send_message_in_transaction at 0x7f7e61e4da60>
          └ <rocketmq.client.TransactionMQProducer object at 0x7f7e640a50a0>

  File "/Library/Frameworks/Python.framework/Versions/3.9/lib/python3.9/site-packages/rocketmq/client.py", line 336, in send_message_in_transaction
    dll.SendMessageTransaction(self._handle,
    │   │                      │    └ 105553124266368
    │   │                      └ <rocketmq.client.TransactionMQProducer object at 0x7f7e640a50a0>
    │   └ <_FuncPtr object at 0x7f7e61e3ce80>
    └ <CDLL '/usr/local/lib/librocketmq.dylib', handle 2016e1ce0 at 0x7f7e61ca4850>
  File "/Library/Frameworks/Python.framework/Versions/3.9/lib/python3.9/site-packages/rocketmq/client.py", line 317, in _on_local_execute
    local_result = local_execute(py_message, usr_args)
                   │             │           └ None
                   │             └ <ReceivedMessage topic='transTopic' id='' body=b'{"order_sn": "202208070039221418", "user_id": 1, "signer_name": "\\u6bb5\\u8...
                   └ <bound method OrderServicer.local_execute of <handler.order.OrderServicer object at 0x7f7e64078160>>

> File "/Users/www/learn-note/gpmall/daoServer/order/handler/order.py", line 272, in local_execute
    self.send_delay_order(orderSn)
    │    │                └ '202208070039221418'
    │    └ <function OrderServicer.send_delay_order at 0x7f7e640259d0>
    └ <handler.order.OrderServicer object at 0x7f7e64078160>

  File "/Users/www/learn-note/gpmall/daoServer/order/handler/order.py", line 311, in send_delay_order
    if ret.status == SendStatus.OK:
       │   └ _tuplegetter(0, 'Alias for field number 0')
       └ SendResult(status=<SendStatus.OK: 0>, msg_id='C0A808DE31E21E8DE1941F0A349D0001', offset=85)

NameError: name 'SendStatus' is not defined
2022-08-07 00:39:22.529 | ERROR    | handler.order:local_execute:272 - An error has been caught in function 'local_execute', process 'MainProcess' (78306), thread 'ThreadPoolExecutor-0_0' (123145487695872):
Traceback (most recent call last):

  File "/Library/Frameworks/Python.framework/Versions/3.9/lib/python3.9/threading.py", line 930, in _bootstrap
    self._bootstrap_inner()
    │    └ <function Thread._bootstrap_inner at 0x7f7e5f7e6c10>
    └ <Thread(ThreadPoolExecutor-0_0, started daemon 123145487695872)>
  File "/Library/Frameworks/Python.framework/Versions/3.9/lib/python3.9/threading.py", line 973, in _bootstrap_inner
    self.run()
    │    └ <function Thread.run at 0x7f7e5f7e6940>
    └ <Thread(ThreadPoolExecutor-0_0, started daemon 123145487695872)>
  File "/Library/Frameworks/Python.framework/Versions/3.9/lib/python3.9/threading.py", line 910, in run
    self._target(*self._args, **self._kwargs)
    │    │        │    │        │    └ {}
    │    │        │    │        └ <Thread(ThreadPoolExecutor-0_0, started daemon 123145487695872)>
    │    │        │    └ (<weakref at 0x7f7e64097ae0; to 'ThreadPoolExecutor' at 0x7f7e64043520>, <_queue.SimpleQueue object at 0x7f7e640416d0>, None,...
    │    │        └ <Thread(ThreadPoolExecutor-0_0, started daemon 123145487695872)>
    │    └ <function _worker at 0x7f7e64051af0>
    └ <Thread(ThreadPoolExecutor-0_0, started daemon 123145487695872)>
  File "/Library/Frameworks/Python.framework/Versions/3.9/lib/python3.9/concurrent/futures/thread.py", line 77, in _worker
    work_item.run()
    │         └ <function _WorkItem.run at 0x7f7e64051c10>
    └ <concurrent.futures.thread._WorkItem object at 0x7f7e6408b940>
  File "/Library/Frameworks/Python.framework/Versions/3.9/lib/python3.9/concurrent/futures/thread.py", line 52, in run
    result = self.fn(*self.args, **self.kwargs)
             │    │   │    │       │    └ {}
             │    │   │    │       └ <concurrent.futures.thread._WorkItem object at 0x7f7e6408b940>
             │    │   │    └ (<grpc._cython.cygrpc.RequestCallEvent object at 0x7f7e64097a40>, <grpc._server._RPCState object at 0x7f7e6408b8e0>, <bound m...
             │    │   └ <concurrent.futures.thread._WorkItem object at 0x7f7e6408b940>
             │    └ <function _unary_response_in_pool at 0x7f7e640931f0>
             └ <concurrent.futures.thread._WorkItem object at 0x7f7e6408b940>
  File "/Library/Frameworks/Python.framework/Versions/3.9/lib/python3.9/site-packages/grpc/_server.py", line 560, in _unary_response_in_pool
    response, proceed = _call_behavior(rpc_event, state, behavior,
                        │              │          │      └ <bound method OrderServicer.CreateOrder of <handler.order.OrderServicer object at 0x7f7e64078160>>
                        │              │          └ <grpc._server._RPCState object at 0x7f7e6408b8e0>
                        │              └ <grpc._cython.cygrpc.RequestCallEvent object at 0x7f7e64097a40>
                        └ <function _call_behavior at 0x7f7e6408cdc0>
  File "/Library/Frameworks/Python.framework/Versions/3.9/lib/python3.9/site-packages/grpc/_server.py", line 443, in _call_behavior
    response_or_iterator = behavior(argument, context)
                           │        │         └ <grpc._server._Context object at 0x7f7e640a5160>
                           │        └ user_id: 1
                           │          name: "\346\256\265\350\266\205123"
                           │          mobile: "18612917508"
                           │          address: "\345\215\216\344\270\2551code"
                           │          
                           └ <bound method OrderServicer.CreateOrder of <handler.order.OrderServicer object at 0x7f7e64078160>>

  File "/Users/www/learn-note/gpmall/daoServer/order/handler/order.py", line 124, in CreateOrder
    res = p.send_message_in_transaction(msg, self.local_execute, user_args=None)
          │ │                           │    │    └ <function OrderServicer.local_execute at 0x7f7e64025310>
          │ │                           │    └ <handler.order.OrderServicer object at 0x7f7e64078160>
          │ │                           └ <rocketmq.client.Message object at 0x7f7e640a5220>
          │ └ <function TransactionMQProducer.send_message_in_transaction at 0x7f7e61e4da60>
          └ <rocketmq.client.TransactionMQProducer object at 0x7f7e640a50a0>

  File "/Library/Frameworks/Python.framework/Versions/3.9/lib/python3.9/site-packages/rocketmq/client.py", line 336, in send_message_in_transaction
    dll.SendMessageTransaction(self._handle,
    │   │                      │    └ 105553124266368
    │   │                      └ <rocketmq.client.TransactionMQProducer object at 0x7f7e640a50a0>
    │   └ <_FuncPtr object at 0x7f7e61e3ce80>
    └ <CDLL '/usr/local/lib/librocketmq.dylib', handle 2016e1ce0 at 0x7f7e61ca4850>
  File "/Library/Frameworks/Python.framework/Versions/3.9/lib/python3.9/site-packages/rocketmq/client.py", line 317, in _on_local_execute
    local_result = local_execute(py_message, usr_args)
                   │             │           └ None
                   │             └ <ReceivedMessage topic='transTopic' id='' body=b'{"order_sn": "202208070039221418", "user_id": 1, "signer_name": "\\u6bb5\\u8...
                   └ <bound method OrderServicer.local_execute of <handler.order.OrderServicer object at 0x7f7e64078160>>

> File "/Users/www/learn-note/gpmall/daoServer/order/handler/order.py", line 272, in local_execute
    self.send_delay_order(orderSn)
    │    │                └ '202208070039221418'
    │    └ <function OrderServicer.send_delay_order at 0x7f7e640259d0>
    └ <handler.order.OrderServicer object at 0x7f7e64078160>

  File "/Users/www/learn-note/gpmall/daoServer/order/handler/order.py", line 311, in send_delay_order
    if ret.status == SendStatus.OK:
       │   └ _tuplegetter(0, 'Alias for field number 0')
       └ SendResult(status=<SendStatus.OK: 0>, msg_id='C0A808DE31E21E8DE1941F0A349D0001', offset=85)

NameError: name 'SendStatus' is not defined
2022-08-07 00:39:22.529 | ERROR    | handler.order:local_execute:272 - An error has been caught in function 'local_execute', process 'MainProcess' (78306), thread 'ThreadPoolExecutor-0_0' (123145487695872):
Traceback (most recent call last):

  File "/Library/Frameworks/Python.framework/Versions/3.9/lib/python3.9/threading.py", line 930, in _bootstrap
    self._bootstrap_inner()
    │    └ <function Thread._bootstrap_inner at 0x7f7e5f7e6c10>
    └ <Thread(ThreadPoolExecutor-0_0, started daemon 123145487695872)>
  File "/Library/Frameworks/Python.framework/Versions/3.9/lib/python3.9/threading.py", line 973, in _bootstrap_inner
    self.run()
    │    └ <function Thread.run at 0x7f7e5f7e6940>
    └ <Thread(ThreadPoolExecutor-0_0, started daemon 123145487695872)>
  File "/Library/Frameworks/Python.framework/Versions/3.9/lib/python3.9/threading.py", line 910, in run
    self._target(*self._args, **self._kwargs)
    │    │        │    │        │    └ {}
    │    │        │    │        └ <Thread(ThreadPoolExecutor-0_0, started daemon 123145487695872)>
    │    │        │    └ (<weakref at 0x7f7e64097ae0; to 'ThreadPoolExecutor' at 0x7f7e64043520>, <_queue.SimpleQueue object at 0x7f7e640416d0>, None,...
    │    │        └ <Thread(ThreadPoolExecutor-0_0, started daemon 123145487695872)>
    │    └ <function _worker at 0x7f7e64051af0>
    └ <Thread(ThreadPoolExecutor-0_0, started daemon 123145487695872)>
  File "/Library/Frameworks/Python.framework/Versions/3.9/lib/python3.9/concurrent/futures/thread.py", line 77, in _worker
    work_item.run()
    │         └ <function _WorkItem.run at 0x7f7e64051c10>
    └ <concurrent.futures.thread._WorkItem object at 0x7f7e6408b940>
  File "/Library/Frameworks/Python.framework/Versions/3.9/lib/python3.9/concurrent/futures/thread.py", line 52, in run
    result = self.fn(*self.args, **self.kwargs)
             │    │   │    │       │    └ {}
             │    │   │    │       └ <concurrent.futures.thread._WorkItem object at 0x7f7e6408b940>
             │    │   │    └ (<grpc._cython.cygrpc.RequestCallEvent object at 0x7f7e64097a40>, <grpc._server._RPCState object at 0x7f7e6408b8e0>, <bound m...
             │    │   └ <concurrent.futures.thread._WorkItem object at 0x7f7e6408b940>
             │    └ <function _unary_response_in_pool at 0x7f7e640931f0>
             └ <concurrent.futures.thread._WorkItem object at 0x7f7e6408b940>
  File "/Library/Frameworks/Python.framework/Versions/3.9/lib/python3.9/site-packages/grpc/_server.py", line 560, in _unary_response_in_pool
    response, proceed = _call_behavior(rpc_event, state, behavior,
                        │              │          │      └ <bound method OrderServicer.CreateOrder of <handler.order.OrderServicer object at 0x7f7e64078160>>
                        │              │          └ <grpc._server._RPCState object at 0x7f7e6408b8e0>
                        │              └ <grpc._cython.cygrpc.RequestCallEvent object at 0x7f7e64097a40>
                        └ <function _call_behavior at 0x7f7e6408cdc0>
  File "/Library/Frameworks/Python.framework/Versions/3.9/lib/python3.9/site-packages/grpc/_server.py", line 443, in _call_behavior
    response_or_iterator = behavior(argument, context)
                           │        │         └ <grpc._server._Context object at 0x7f7e640a5160>
                           │        └ user_id: 1
                           │          name: "\346\256\265\350\266\205123"
                           │          mobile: "18612917508"
                           │          address: "\345\215\216\344\270\2551code"
                           │          
                           └ <bound method OrderServicer.CreateOrder of <handler.order.OrderServicer object at 0x7f7e64078160>>

  File "/Users/www/learn-note/gpmall/daoServer/order/handler/order.py", line 124, in CreateOrder
    res = p.send_message_in_transaction(msg, self.local_execute, user_args=None)
          │ │                           │    │    └ <function OrderServicer.local_execute at 0x7f7e64025310>
          │ │                           │    └ <handler.order.OrderServicer object at 0x7f7e64078160>
          │ │                           └ <rocketmq.client.Message object at 0x7f7e640a5220>
          │ └ <function TransactionMQProducer.send_message_in_transaction at 0x7f7e61e4da60>
          └ <rocketmq.client.TransactionMQProducer object at 0x7f7e640a50a0>

  File "/Library/Frameworks/Python.framework/Versions/3.9/lib/python3.9/site-packages/rocketmq/client.py", line 336, in send_message_in_transaction
    dll.SendMessageTransaction(self._handle,
    │   │                      │    └ 105553124266368
    │   │                      └ <rocketmq.client.TransactionMQProducer object at 0x7f7e640a50a0>
    │   └ <_FuncPtr object at 0x7f7e61e3ce80>
    └ <CDLL '/usr/local/lib/librocketmq.dylib', handle 2016e1ce0 at 0x7f7e61ca4850>
  File "/Library/Frameworks/Python.framework/Versions/3.9/lib/python3.9/site-packages/rocketmq/client.py", line 317, in _on_local_execute
    local_result = local_execute(py_message, usr_args)
                   │             │           └ None
                   │             └ <ReceivedMessage topic='transTopic' id='' body=b'{"order_sn": "202208070039221418", "user_id": 1, "signer_name": "\\u6bb5\\u8...
                   └ <bound method OrderServicer.local_execute of <handler.order.OrderServicer object at 0x7f7e64078160>>

> File "/Users/www/learn-note/gpmall/daoServer/order/handler/order.py", line 272, in local_execute
    self.send_delay_order(orderSn)
    │    │                └ '202208070039221418'
    │    └ <function OrderServicer.send_delay_order at 0x7f7e640259d0>
    └ <handler.order.OrderServicer object at 0x7f7e64078160>

  File "/Users/www/learn-note/gpmall/daoServer/order/handler/order.py", line 311, in send_delay_order
    if ret.status == SendStatus.OK:
       │   └ _tuplegetter(0, 'Alias for field number 0')
       └ SendResult(status=<SendStatus.OK: 0>, msg_id='C0A808DE31E21E8DE1941F0A349D0001', offset=85)

NameError: name 'SendStatus' is not defined
2022-08-07 00:40:14.291 | INFO     | __main__:f:81 - 退出订单服务 service stop...:192.168.8.222:4347
2022-08-07 00:40:14.291 | INFO     | __main__:f:81 - 退出订单服务 service stop...:192.168.8.222:4347
2022-08-07 00:40:14.291 | INFO     | __main__:f:81 - 退出订单服务 service stop...:192.168.8.222:4347
2022-08-07 02:49:23.619 | INFO     | __main__:run:44 - service start...: 192.168.8.222:4347
2022-08-07 02:49:23.619 | INFO     | __main__:run:44 - service start...: 192.168.8.222:4347
2022-08-07 02:49:23.619 | INFO     | __main__:run:44 - service start...: 192.168.8.222:4347
2022-08-07 02:49:24.039 | INFO     | handler.order:timeout_order:60 - 订单编号 202208070039221418 记录不存在: ("set_keys() missing 1 required positional argument: 'keys'",)
2022-08-07 02:49:24.039 | INFO     | handler.order:timeout_order:60 - 订单编号 202208070039221418 记录不存在: ("set_keys() missing 1 required positional argument: 'keys'",)
2022-08-07 02:49:24.039 | INFO     | handler.order:timeout_order:60 - 订单编号 202208070039221418 记录不存在: ("set_keys() missing 1 required positional argument: 'keys'",)
2022-08-07 02:49:34.140 | INFO     | handler.order:timeout_order:60 - 订单编号 202208070039221418 记录不存在: ('The producer group[timeOutProducerGroup] has been created before, specify another name please.,error:-1,in file rocketmq-client-cpp/src/producer/DefaultMQProducerImpl.cpp line:79',)
2022-08-07 02:49:34.140 | INFO     | handler.order:timeout_order:60 - 订单编号 202208070039221418 记录不存在: ('The producer group[timeOutProducerGroup] has been created before, specify another name please.,error:-1,in file rocketmq-client-cpp/src/producer/DefaultMQProducerImpl.cpp line:79',)
2022-08-07 02:49:34.140 | INFO     | handler.order:timeout_order:60 - 订单编号 202208070039221418 记录不存在: ('The producer group[timeOutProducerGroup] has been created before, specify another name please.,error:-1,in file rocketmq-client-cpp/src/producer/DefaultMQProducerImpl.cpp line:79',)
2022-08-07 02:50:04.207 | INFO     | handler.order:timeout_order:60 - 订单编号 202208070039221418 记录不存在: ('The producer group[timeOutProducerGroup] has been created before, specify another name please.,error:-1,in file rocketmq-client-cpp/src/producer/DefaultMQProducerImpl.cpp line:79',)
2022-08-07 02:50:04.207 | INFO     | handler.order:timeout_order:60 - 订单编号 202208070039221418 记录不存在: ('The producer group[timeOutProducerGroup] has been created before, specify another name please.,error:-1,in file rocketmq-client-cpp/src/producer/DefaultMQProducerImpl.cpp line:79',)
2022-08-07 02:50:04.207 | INFO     | handler.order:timeout_order:60 - 订单编号 202208070039221418 记录不存在: ('The producer group[timeOutProducerGroup] has been created before, specify another name please.,error:-1,in file rocketmq-client-cpp/src/producer/DefaultMQProducerImpl.cpp line:79',)
2022-08-07 02:51:04.274 | INFO     | handler.order:timeout_order:60 - 订单编号 202208070039221418 记录不存在: ('The producer group[timeOutProducerGroup] has been created before, specify another name please.,error:-1,in file rocketmq-client-cpp/src/producer/DefaultMQProducerImpl.cpp line:79',)
2022-08-07 02:51:04.274 | INFO     | handler.order:timeout_order:60 - 订单编号 202208070039221418 记录不存在: ('The producer group[timeOutProducerGroup] has been created before, specify another name please.,error:-1,in file rocketmq-client-cpp/src/producer/DefaultMQProducerImpl.cpp line:79',)
2022-08-07 02:51:04.274 | INFO     | handler.order:timeout_order:60 - 订单编号 202208070039221418 记录不存在: ('The producer group[timeOutProducerGroup] has been created before, specify another name please.,error:-1,in file rocketmq-client-cpp/src/producer/DefaultMQProducerImpl.cpp line:79',)
2022-08-07 02:51:09.363 | INFO     | __main__:f:81 - 退出订单服务 service stop...:192.168.8.222:4347
2022-08-07 02:51:09.363 | INFO     | __main__:f:81 - 退出订单服务 service stop...:192.168.8.222:4347
2022-08-07 02:51:09.363 | INFO     | __main__:f:81 - 退出订单服务 service stop...:192.168.8.222:4347
2022-08-07 03:13:49.285 | INFO     | __main__:run:44 - service start...: 192.168.8.222:4347
2022-08-07 03:13:49.285 | INFO     | __main__:run:44 - service start...: 192.168.8.222:4347
2022-08-07 03:13:49.285 | INFO     | __main__:run:44 - service start...: 192.168.8.222:4347
2022-08-07 03:13:49.624 | INFO     | handler.order:timeout_order:60 - 异常: ("set_keys() missing 1 required positional argument: 'keys'",)
2022-08-07 03:13:49.624 | INFO     | handler.order:timeout_order:60 - 异常: ("set_keys() missing 1 required positional argument: 'keys'",)
2022-08-07 03:13:49.624 | INFO     | handler.order:timeout_order:60 - 异常: ("set_keys() missing 1 required positional argument: 'keys'",)
2022-08-07 03:13:50.715 | INFO     | handler.order:timeout_order:60 - 异常: ('The producer group[timeOutProducerGroup] has been created before, specify another name please.,error:-1,in file rocketmq-client-cpp/src/producer/DefaultMQProducerImpl.cpp line:79',)
2022-08-07 03:13:50.715 | INFO     | handler.order:timeout_order:60 - 异常: ('The producer group[timeOutProducerGroup] has been created before, specify another name please.,error:-1,in file rocketmq-client-cpp/src/producer/DefaultMQProducerImpl.cpp line:79',)
2022-08-07 03:13:50.715 | INFO     | handler.order:timeout_order:60 - 异常: ('The producer group[timeOutProducerGroup] has been created before, specify another name please.,error:-1,in file rocketmq-client-cpp/src/producer/DefaultMQProducerImpl.cpp line:79',)
2022-08-07 03:13:53.179 | INFO     | __main__:f:81 - 退出订单服务 service stop...:192.168.8.222:4347
2022-08-07 03:13:53.179 | INFO     | __main__:f:81 - 退出订单服务 service stop...:192.168.8.222:4347
2022-08-07 03:13:53.179 | INFO     | __main__:f:81 - 退出订单服务 service stop...:192.168.8.222:4347
2022-08-07 03:14:14.003 | INFO     | __main__:run:44 - service start...: 192.168.8.222:4347
2022-08-07 03:14:14.003 | INFO     | __main__:run:44 - service start...: 192.168.8.222:4347
2022-08-07 03:14:14.003 | INFO     | __main__:run:44 - service start...: 192.168.8.222:4347
2022-08-07 03:14:14.086 | INFO     | handler.order:timeout_order:60 - 异常: set_keys() missing 1 required positional argument: 'keys'
2022-08-07 03:14:14.086 | INFO     | handler.order:timeout_order:60 - 异常: set_keys() missing 1 required positional argument: 'keys'
2022-08-07 03:14:14.086 | INFO     | handler.order:timeout_order:60 - 异常: set_keys() missing 1 required positional argument: 'keys'
2022-08-07 03:14:20.090 | INFO     | __main__:f:81 - 退出订单服务 service stop...:192.168.8.222:4347
2022-08-07 03:14:20.090 | INFO     | __main__:f:81 - 退出订单服务 service stop...:192.168.8.222:4347
2022-08-07 03:14:20.090 | INFO     | __main__:f:81 - 退出订单服务 service stop...:192.168.8.222:4347
2022-08-07 03:15:15.246 | INFO     | __main__:run:44 - service start...: 192.168.8.222:4347
2022-08-07 03:15:15.246 | INFO     | __main__:run:44 - service start...: 192.168.8.222:4347
2022-08-07 03:15:15.246 | INFO     | __main__:run:44 - service start...: 192.168.8.222:4347
2022-08-07 03:15:22.802 | INFO     | __main__:f:81 - 退出订单服务 service stop...:192.168.8.222:4347
2022-08-07 03:15:22.802 | INFO     | __main__:f:81 - 退出订单服务 service stop...:192.168.8.222:4347
2022-08-07 03:15:22.802 | INFO     | __main__:f:81 - 退出订单服务 service stop...:192.168.8.222:4347
2022-08-07 03:15:39.975 | INFO     | __main__:run:44 - service start...: 192.168.8.222:4347
2022-08-07 03:15:39.975 | INFO     | __main__:run:44 - service start...: 192.168.8.222:4347
2022-08-07 03:15:39.975 | INFO     | __main__:run:44 - service start...: 192.168.8.222:4347
2022-08-07 03:16:49.691 | INFO     | handler.order:timeout_order:60 - 异常: module 'json' has no attribute 'dumpss'
2022-08-07 03:16:49.691 | INFO     | handler.order:timeout_order:60 - 异常: module 'json' has no attribute 'dumpss'
2022-08-07 03:16:49.691 | INFO     | handler.order:timeout_order:60 - 异常: module 'json' has no attribute 'dumpss'
2022-08-07 03:16:50.757 | INFO     | handler.order:timeout_order:60 - 异常: The producer group[timeOutProducerGroup] has been created before, specify another name please.,error:-1,in file rocketmq-client-cpp/src/producer/DefaultMQProducerImpl.cpp line:79
2022-08-07 03:16:50.757 | INFO     | handler.order:timeout_order:60 - 异常: The producer group[timeOutProducerGroup] has been created before, specify another name please.,error:-1,in file rocketmq-client-cpp/src/producer/DefaultMQProducerImpl.cpp line:79
2022-08-07 03:16:50.757 | INFO     | handler.order:timeout_order:60 - 异常: The producer group[timeOutProducerGroup] has been created before, specify another name please.,error:-1,in file rocketmq-client-cpp/src/producer/DefaultMQProducerImpl.cpp line:79
2022-08-07 03:17:02.796 | INFO     | handler.order:timeout_order:60 - 异常: The producer group[timeOutProducerGroup] has been created before, specify another name please.,error:-1,in file rocketmq-client-cpp/src/producer/DefaultMQProducerImpl.cpp line:79
2022-08-07 03:17:02.796 | INFO     | handler.order:timeout_order:60 - 异常: The producer group[timeOutProducerGroup] has been created before, specify another name please.,error:-1,in file rocketmq-client-cpp/src/producer/DefaultMQProducerImpl.cpp line:79
2022-08-07 03:17:02.796 | INFO     | handler.order:timeout_order:60 - 异常: The producer group[timeOutProducerGroup] has been created before, specify another name please.,error:-1,in file rocketmq-client-cpp/src/producer/DefaultMQProducerImpl.cpp line:79
2022-08-07 03:17:12.831 | INFO     | handler.order:timeout_order:60 - 异常: The producer group[timeOutProducerGroup] has been created before, specify another name please.,error:-1,in file rocketmq-client-cpp/src/producer/DefaultMQProducerImpl.cpp line:79
2022-08-07 03:17:12.831 | INFO     | handler.order:timeout_order:60 - 异常: The producer group[timeOutProducerGroup] has been created before, specify another name please.,error:-1,in file rocketmq-client-cpp/src/producer/DefaultMQProducerImpl.cpp line:79
2022-08-07 03:17:12.831 | INFO     | handler.order:timeout_order:60 - 异常: The producer group[timeOutProducerGroup] has been created before, specify another name please.,error:-1,in file rocketmq-client-cpp/src/producer/DefaultMQProducerImpl.cpp line:79
2022-08-07 03:17:14.153 | INFO     | handler.order:timeout_order:60 - 异常: The producer group[timeOutProducerGroup] has been created before, specify another name please.,error:-1,in file rocketmq-client-cpp/src/producer/DefaultMQProducerImpl.cpp line:79
2022-08-07 03:17:14.153 | INFO     | handler.order:timeout_order:60 - 异常: The producer group[timeOutProducerGroup] has been created before, specify another name please.,error:-1,in file rocketmq-client-cpp/src/producer/DefaultMQProducerImpl.cpp line:79
2022-08-07 03:17:14.153 | INFO     | handler.order:timeout_order:60 - 异常: The producer group[timeOutProducerGroup] has been created before, specify another name please.,error:-1,in file rocketmq-client-cpp/src/producer/DefaultMQProducerImpl.cpp line:79
2022-08-07 03:17:42.904 | INFO     | handler.order:timeout_order:60 - 异常: The producer group[timeOutProducerGroup] has been created before, specify another name please.,error:-1,in file rocketmq-client-cpp/src/producer/DefaultMQProducerImpl.cpp line:79
2022-08-07 03:17:42.904 | INFO     | handler.order:timeout_order:60 - 异常: The producer group[timeOutProducerGroup] has been created before, specify another name please.,error:-1,in file rocketmq-client-cpp/src/producer/DefaultMQProducerImpl.cpp line:79
2022-08-07 03:17:42.904 | INFO     | handler.order:timeout_order:60 - 异常: The producer group[timeOutProducerGroup] has been created before, specify another name please.,error:-1,in file rocketmq-client-cpp/src/producer/DefaultMQProducerImpl.cpp line:79
2022-08-07 03:18:42.959 | INFO     | handler.order:timeout_order:60 - 异常: The producer group[timeOutProducerGroup] has been created before, specify another name please.,error:-1,in file rocketmq-client-cpp/src/producer/DefaultMQProducerImpl.cpp line:79
2022-08-07 03:18:42.959 | INFO     | handler.order:timeout_order:60 - 异常: The producer group[timeOutProducerGroup] has been created before, specify another name please.,error:-1,in file rocketmq-client-cpp/src/producer/DefaultMQProducerImpl.cpp line:79
2022-08-07 03:18:42.959 | INFO     | handler.order:timeout_order:60 - 异常: The producer group[timeOutProducerGroup] has been created before, specify another name please.,error:-1,in file rocketmq-client-cpp/src/producer/DefaultMQProducerImpl.cpp line:79
2022-08-07 03:18:47.311 | INFO     | __main__:f:81 - 退出订单服务 service stop...:192.168.8.222:4347
2022-08-07 03:18:47.311 | INFO     | __main__:f:81 - 退出订单服务 service stop...:192.168.8.222:4347
2022-08-07 03:18:47.311 | INFO     | __main__:f:81 - 退出订单服务 service stop...:192.168.8.222:4347
2022-08-07 03:18:49.116 | INFO     | __main__:run:44 - service start...: 192.168.8.222:4347
2022-08-07 03:18:49.116 | INFO     | __main__:run:44 - service start...: 192.168.8.222:4347
2022-08-07 03:18:49.116 | INFO     | __main__:run:44 - service start...: 192.168.8.222:4347
2022-08-07 03:20:03.439 | INFO     | __main__:f:81 - 退出订单服务 service stop...:192.168.8.222:4347
2022-08-07 03:20:03.439 | INFO     | __main__:f:81 - 退出订单服务 service stop...:192.168.8.222:4347
2022-08-07 03:20:03.439 | INFO     | __main__:f:81 - 退出订单服务 service stop...:192.168.8.222:4347
2022-08-07 03:20:05.652 | INFO     | __main__:run:44 - service start...: 192.168.8.222:4347
2022-08-07 03:20:05.652 | INFO     | __main__:run:44 - service start...: 192.168.8.222:4347
2022-08-07 03:20:05.652 | INFO     | __main__:run:44 - service start...: 192.168.8.222:4347
2022-08-07 03:25:03.115 | INFO     | __main__:f:81 - 退出订单服务 service stop...:192.168.8.222:4347
2022-08-07 03:25:03.115 | INFO     | __main__:f:81 - 退出订单服务 service stop...:192.168.8.222:4347
2022-08-07 03:25:03.115 | INFO     | __main__:f:81 - 退出订单服务 service stop...:192.168.8.222:4347
2022-08-07 03:25:08.333 | INFO     | __main__:run:44 - service start...: 192.168.8.222:4347
2022-08-07 03:25:08.333 | INFO     | __main__:run:44 - service start...: 192.168.8.222:4347
2022-08-07 03:25:08.333 | INFO     | __main__:run:44 - service start...: 192.168.8.222:4347
2022-08-07 03:29:43.672 | INFO     | __main__:f:81 - 退出订单服务 service stop...:192.168.8.222:4347
2022-08-07 03:29:43.672 | INFO     | __main__:f:81 - 退出订单服务 service stop...:192.168.8.222:4347
2022-08-07 03:29:43.672 | INFO     | __main__:f:81 - 退出订单服务 service stop...:192.168.8.222:4347
