2022-04-17T00:01:43.915+0800	DEBUG	initialize/consul.go:32	inventory-web 服务注册成功: dc090002-b47e-4ed5-a1cf-36300b778a8e
2022-04-17T00:01:48.046+0800	DEBUG	api/inventory.go:115	grpc错误: Unavailable => last connection error: connection closed before server preface received
2022-04-17T00:03:42.537+0800	DEBUG	initialize/consul.go:48	inventory-web 服务注销成功: dc090002-b47e-4ed5-a1cf-36300b778a8e
2022-04-17T00:03:46.206+0800	DEBUG	initialize/consul.go:32	inventory-web 服务注册成功: e87a6220-8cc1-4990-8f27-d27e8b573b51
2022-04-17T00:03:49.731+0800	DEBUG	api/inventory.go:117	grpc错误: Unavailable => last connection error: connection closed before server preface received
2022-04-17T00:04:19.830+0800	DEBUG	api/inventory.go:117	grpc错误: Unavailable => last connection error: connection closed before server preface received
2022-04-17T00:05:26.627+0800	DEBUG	initialize/consul.go:48	inventory-web 服务注销成功: e87a6220-8cc1-4990-8f27-d27e8b573b51
2022-04-17T00:05:29.737+0800	DEBUG	initialize/consul.go:32	inventory-web 服务注册成功: c50044ab-913f-4ec6-ad04-8192b5b70bc0
2022-04-17T00:05:37.643+0800	DEBUG	api/inventory.go:118	grpc错误: Unavailable => last connection error: connection closed before server preface received
2022-04-17T00:08:35.337+0800	DEBUG	initialize/consul.go:48	inventory-web 服务注销成功: c50044ab-913f-4ec6-ad04-8192b5b70bc0
2022-04-17T00:08:39.132+0800	DEBUG	initialize/consul.go:32	inventory-web 服务注册成功: a7183997-f20f-49bf-a127-b8c427da6e50
2022-04-17T00:08:41.574+0800	DEBUG	api/inventory.go:115	grpc错误: Unavailable => last connection error: connection closed before server preface received
2022-04-17T00:09:50.263+0800	DEBUG	initialize/consul.go:48	inventory-web 服务注销成功: a7183997-f20f-49bf-a127-b8c427da6e50
2022-04-17T00:09:53.560+0800	DEBUG	initialize/consul.go:32	inventory-web 服务注册成功: 5e370a79-949a-459b-af0d-c6ba9f76af0b
2022-04-17T00:10:34.692+0800	DEBUG	initialize/consul.go:48	inventory-web 服务注销成功: 5e370a79-949a-459b-af0d-c6ba9f76af0b
2022-04-17T00:10:37.931+0800	DEBUG	initialize/consul.go:32	inventory-web 服务注册成功: 21e727c1-1f3f-47a5-8f71-409ec3a01778
2022-04-17T00:10:41.876+0800	DEBUG	api/inventory.go:115	grpc错误: Internal => Failed to serialize response!
2022-04-17T00:11:50.670+0800	DEBUG	initialize/consul.go:48	inventory-web 服务注销成功: 21e727c1-1f3f-47a5-8f71-409ec3a01778
2022-04-17T00:11:53.613+0800	DEBUG	initialize/consul.go:32	inventory-web 服务注册成功: 89d65632-460d-4183-ab95-48cd094e91ae
2022-04-17T00:12:07.102+0800	DEBUG	api/inventory.go:115	grpc错误: Internal => Failed to serialize response!
2022-04-17T00:12:23.830+0800	DEBUG	initialize/consul.go:48	inventory-web 服务注销成功: 89d65632-460d-4183-ab95-48cd094e91ae
2022-04-17T00:12:26.868+0800	DEBUG	initialize/consul.go:32	inventory-web 服务注册成功: 6761b6a6-5e77-4ad9-abad-8cd233ca7e4b
2022-04-17T00:12:33.519+0800	DEBUG	api/inventory.go:115	grpc错误: Internal => Failed to serialize response!
2022-04-17T00:20:20.333+0800	DEBUG	initialize/consul.go:48	inventory-web 服务注销成功: 6761b6a6-5e77-4ad9-abad-8cd233ca7e4b
2022-04-17T00:20:23.724+0800	DEBUG	initialize/consul.go:32	inventory-web 服务注册成功: 661f6ca9-c846-42ff-8ab9-030dcece5fe9
2022-04-17T00:21:25.584+0800	DEBUG	initialize/consul.go:48	inventory-web 服务注销成功: 661f6ca9-c846-42ff-8ab9-030dcece5fe9
2022-04-17T00:22:03.054+0800	DEBUG	initialize/consul.go:32	inventory-web 服务注册成功: 0b69de06-1eb2-4239-946c-9af89be46d5d
2022-04-17T00:22:21.518+0800	DEBUG	initialize/consul.go:48	inventory-web 服务注销成功: 0b69de06-1eb2-4239-946c-9af89be46d5d
2022-04-17T00:22:24.467+0800	DEBUG	initialize/consul.go:32	inventory-web 服务注册成功: 25106a12-27f7-41a0-91e4-aa21aaef49c6
2022-04-17T00:22:40.353+0800	DEBUG	initialize/consul.go:48	inventory-web 服务注销成功: 25106a12-27f7-41a0-91e4-aa21aaef49c6
2022-04-17T00:22:42.808+0800	DEBUG	initialize/consul.go:32	inventory-web 服务注册成功: cc272968-5f96-4ce5-ac48-329d9cb97958
2022-04-17T00:23:03.372+0800	DEBUG	initialize/consul.go:48	inventory-web 服务注销成功: cc272968-5f96-4ce5-ac48-329d9cb97958
2022-04-17T00:23:07.804+0800	DEBUG	initialize/consul.go:32	inventory-web 服务注册成功: 88d21363-87ff-4b0b-8ec8-1e3ecbd029f1
2022-04-17T00:23:21.475+0800	DEBUG	initialize/consul.go:48	inventory-web 服务注销成功: 88d21363-87ff-4b0b-8ec8-1e3ecbd029f1
2022-04-17T00:23:24.520+0800	DEBUG	initialize/consul.go:32	inventory-web 服务注册成功: e74ca030-fa63-4419-b93b-9360630cf8c4
2022-04-17T00:31:38.462+0800	DEBUG	initialize/consul.go:48	inventory-web 服务注销成功: e74ca030-fa63-4419-b93b-9360630cf8c4
2022-04-17T00:31:43.009+0800	DEBUG	initialize/consul.go:32	inventory-web 服务注册成功: 109bfe48-1c10-4c32-9cc4-10a3a50b1e10
2022-04-17T00:32:11.145+0800	DEBUG	initialize/consul.go:48	inventory-web 服务注销成功: 109bfe48-1c10-4c32-9cc4-10a3a50b1e10
2022-04-17T00:32:14.674+0800	DEBUG	initialize/consul.go:32	inventory-web 服务注册成功: cbf8851d-a784-4b76-8041-c79fae6088ab
2022-04-17T00:32:25.593+0800	DEBUG	initialize/consul.go:48	inventory-web 服务注销成功: cbf8851d-a784-4b76-8041-c79fae6088ab
2022-04-17T00:32:29.099+0800	DEBUG	initialize/consul.go:32	inventory-web 服务注册成功: e6a68a34-7e4e-421d-ad4e-70bc54429caf
2022-04-17T00:32:47.602+0800	DEBUG	initialize/consul.go:48	inventory-web 服务注销成功: e6a68a34-7e4e-421d-ad4e-70bc54429caf
2022-04-17T00:32:50.048+0800	DEBUG	initialize/consul.go:32	inventory-web 服务注册成功: 5fdd12a8-a89a-4dd0-a58b-e5cb7e3d0d82
2022-04-17T00:33:48.306+0800	DEBUG	initialize/consul.go:48	inventory-web 服务注销成功: 5fdd12a8-a89a-4dd0-a58b-e5cb7e3d0d82
2022-04-17T00:33:51.228+0800	DEBUG	initialize/consul.go:32	inventory-web 服务注册成功: ff2c17fa-3a47-40fe-beb9-8fd36d5509cf
2022-04-17T00:34:22.547+0800	DEBUG	initialize/consul.go:48	inventory-web 服务注销成功: ff2c17fa-3a47-40fe-beb9-8fd36d5509cf
2022-04-17T00:34:25.717+0800	DEBUG	initialize/consul.go:32	inventory-web 服务注册成功: 2c147a03-1c5f-4334-b1b7-8afaa2570ce7
2022-04-17T00:35:33.652+0800	DEBUG	initialize/consul.go:48	inventory-web 服务注销成功: 2c147a03-1c5f-4334-b1b7-8afaa2570ce7
2022-04-17T00:35:36.370+0800	DEBUG	initialize/consul.go:32	inventory-web 服务注册成功: 55e6a291-022b-4fcf-8083-8613deb1f4b5
2022-04-17T00:36:24.349+0800	DEBUG	initialize/consul.go:48	inventory-web 服务注销成功: 55e6a291-022b-4fcf-8083-8613deb1f4b5
2022-04-17T00:36:26.841+0800	DEBUG	initialize/consul.go:32	inventory-web 服务注册成功: 9108d6e8-a815-4d86-b09a-69fce424a14e
2022-04-17T00:37:40.421+0800	DEBUG	initialize/consul.go:48	inventory-web 服务注销成功: 9108d6e8-a815-4d86-b09a-69fce424a14e
2022-04-17T00:37:45.457+0800	DEBUG	initialize/consul.go:32	inventory-web 服务注册成功: ed624f03-4554-4808-86d9-4aed13d20a69
2022-04-17T00:38:09.519+0800	DEBUG	initialize/consul.go:48	inventory-web 服务注销成功: ed624f03-4554-4808-86d9-4aed13d20a69
2022-04-17T00:38:12.710+0800	DEBUG	initialize/consul.go:32	inventory-web 服务注册成功: e47efb68-6190-4b0c-9fe2-e55f4fa1e5e8
2022-04-17T00:41:27.741+0800	DEBUG	initialize/consul.go:48	inventory-web 服务注销成功: e47efb68-6190-4b0c-9fe2-e55f4fa1e5e8
2022-04-17T00:41:31.587+0800	DEBUG	initialize/consul.go:32	inventory-web 服务注册成功: a476ac80-cd45-4d20-8e03-467ce052bf28
2022-04-17T00:41:43.548+0800	DEBUG	api/inventory.go:116	grpc错误: NotFound => 数据不存在
2022-04-17T00:44:28.303+0800	DEBUG	initialize/consul.go:48	inventory-web 服务注销成功: a476ac80-cd45-4d20-8e03-467ce052bf28
2022-04-17T00:44:32.465+0800	DEBUG	initialize/consul.go:32	inventory-web 服务注册成功: e1eb1ece-45bc-4396-ae94-0492160c90a3
2022-04-17T00:47:54.885+0800	DEBUG	initialize/consul.go:48	inventory-web 服务注销成功: e1eb1ece-45bc-4396-ae94-0492160c90a3
2022-04-17T00:47:59.014+0800	DEBUG	initialize/consul.go:32	inventory-web 服务注册成功: 73075467-6c5f-4a06-a7a3-4f3b6fbe86d6
2022-04-17T00:49:08.004+0800	DEBUG	initialize/consul.go:48	inventory-web 服务注销成功: 73075467-6c5f-4a06-a7a3-4f3b6fbe86d6
