2022-08-09T00:08:49.807+0800	DEBUG	initialize/consul.go:32	inventory-web 服务注册成功: 1572b44a-3631-4a65-a73e-51b4b1965792
2022-08-09T00:08:54.120+0800	DEBUG	initialize/consul.go:48	inventory-web 服务注销成功: 1572b44a-3631-4a65-a73e-51b4b1965792
2022-08-09T00:20:25.553+0800	DEBUG	initialize/consul.go:32	inventory-web 服务注册成功: 77a3b181-4030-46e0-ac6d-79e2d3d94e51
2022-08-09T00:22:14.745+0800	DEBUG	initialize/consul.go:48	inventory-web 服务注销成功: 77a3b181-4030-46e0-ac6d-79e2d3d94e51
2022-08-09T00:22:18.564+0800	DEBUG	initialize/consul.go:32	inventory-web 服务注册成功: 87e8a68e-2d47-4425-8311-f1bf20fdce88
2022-08-09T00:23:27.709+0800	DEBUG	api/inventory.go:118	grpc错误: Unavailable => last resolver error: produced zero addresses
2022-08-09T00:24:37.495+0800	DEBUG	initialize/consul.go:48	inventory-web 服务注销成功: 87e8a68e-2d47-4425-8311-f1bf20fdce88
2022-08-09T00:24:41.974+0800	DEBUG	initialize/consul.go:32	inventory-web 服务注册成功: 28cba9ce-fffa-4876-9f3d-c7623476b609
2022-08-09T00:27:41.871+0800	DEBUG	initialize/consul.go:48	inventory-web 服务注销成功: 28cba9ce-fffa-4876-9f3d-c7623476b609
2022-08-09T00:27:49.043+0800	DEBUG	initialize/consul.go:32	inventory-web 服务注册成功: 52af4386-b27e-4414-836b-7bd9a83b1ae2
2022-08-09T00:29:14.518+0800	DEBUG	initialize/consul.go:48	inventory-web 服务注销成功: 52af4386-b27e-4414-836b-7bd9a83b1ae2
2022-08-09T00:30:58.378+0800	DEBUG	initialize/consul.go:32	inventory-web 服务注册成功: 28de7f6a-99a4-44be-a6fc-0c08a2c77010
2022-08-09T00:31:15.195+0800	DEBUG	initialize/consul.go:48	inventory-web 服务注销成功: 28de7f6a-99a4-44be-a6fc-0c08a2c77010
2022-08-09T00:39:38.641+0800	DEBUG	initialize/consul.go:32	inventory-web 服务注册成功: 4030c2e9-37ec-4595-8bc4-3565e5150322
2022-08-09T00:48:28.635+0800	DEBUG	initialize/consul.go:48	inventory-web 服务注销成功: 4030c2e9-37ec-4595-8bc4-3565e5150322
2022-08-09T00:52:41.839+0800	DEBUG	initialize/consul.go:32	inventory-web 服务注册成功: 512ab5ed-a146-4c3d-a80c-ea58bfb2a56e
2022-08-09T00:53:01.479+0800	DEBUG	initialize/consul.go:48	inventory-web 服务注销成功: 512ab5ed-a146-4c3d-a80c-ea58bfb2a56e
2022-08-09T00:58:44.042+0800	DEBUG	initialize/consul.go:32	inventory-web 服务注册成功: bccd90f9-6eae-4fa9-9aca-e197c6896785
2022-08-09T00:59:12.461+0800	DEBUG	initialize/consul.go:48	inventory-web 服务注销成功: bccd90f9-6eae-4fa9-9aca-e197c6896785
2022-08-09T00:59:17.404+0800	DEBUG	initialize/consul.go:32	inventory-web 服务注册成功: 28fd74b1-6519-40aa-8e7a-e17f273dc174
2022-08-09T00:59:21.113+0800	DEBUG	api/inventory.go:118	grpc错误: Unavailable => last resolver error: produced zero addresses
2022-08-09T01:00:30.458+0800	DEBUG	initialize/consul.go:48	inventory-web 服务注销成功: 28fd74b1-6519-40aa-8e7a-e17f273dc174
2022-08-09T01:00:34.777+0800	DEBUG	initialize/consul.go:32	inventory-web 服务注册成功: 225cae98-4aa3-4de5-9429-5ac1310a3c49
2022-08-09T01:02:34.243+0800	DEBUG	api/inventory.go:118	grpc错误: Unknown => 数据不存在
2022-08-09T01:03:11.132+0800	DEBUG	initialize/consul.go:48	inventory-web 服务注销成功: 225cae98-4aa3-4de5-9429-5ac1310a3c49
